h:\desktop\physics\csc8503\csc8503common\debug\csc8503common.pdb
h:\desktop\physics\csc8503\csc8503common\debug\csc8503common.idb
h:\desktop\physics\csc8503\csc8503common\debug\pushdownstate.obj
h:\desktop\physics\csc8503\csc8503common\debug\pushdownmachine.obj
h:\desktop\physics\csc8503\csc8503common\debug\positionconstraint.obj
h:\desktop\physics\csc8503\csc8503common\debug\physicssystem.obj
h:\desktop\physics\csc8503\csc8503common\debug\physicsobject.obj
h:\desktop\physics\csc8503\csc8503common\debug\networkstate.obj
h:\desktop\physics\csc8503\csc8503common\debug\networkobject.obj
h:\desktop\physics\csc8503\csc8503common\debug\networkbase.obj
h:\desktop\physics\csc8503\csc8503common\debug\navigationmesh.obj
h:\desktop\physics\csc8503\csc8503common\debug\navigationgrid.obj
h:\desktop\physics\csc8503\csc8503common\debug\gameworld.obj
h:\desktop\physics\csc8503\csc8503common\debug\gameserver.obj
h:\desktop\physics\csc8503\csc8503common\debug\gameobject.obj
h:\desktop\physics\csc8503\csc8503common\debug\gameclient.obj
h:\desktop\physics\csc8503\csc8503common\debug\debug.obj
h:\desktop\physics\csc8503\csc8503common\debug\collisiondetection.obj
h:\desktop\physics\csc8503\csc8503common\debug\boundingvolume.obj
h:\desktop\physics\csc8503\csc8503common\debug\boundingsphere.obj
h:\desktop\physics\csc8503\csc8503common\debug\boundingoobb.obj
h:\desktop\physics\csc8503\csc8503common\debug\boundingaabb.obj
h:\desktop\physics\csc8503\csc8503common\debug\transform.obj
h:\desktop\physics\csc8503\csc8503common\debug\statetransition.obj
h:\desktop\physics\csc8503\csc8503common\debug\statemachine.obj
h:\desktop\physics\csc8503\csc8503common\debug\renderobject.obj
h:\desktop\physics\csc8503\csc8503common\debug\quadtree.obj
h:\desktop\physics\win32\debug\csc8503common.lib
h:\desktop\physics\win32\debug\csc8503common.pdb
h:\desktop\physics\csc8503\csc8503common\debug\csc8503common.tlog\cl.command.1.tlog
h:\desktop\physics\csc8503\csc8503common\debug\csc8503common.tlog\cl.read.1.tlog
h:\desktop\physics\csc8503\csc8503common\debug\csc8503common.tlog\cl.write.1.tlog
h:\desktop\physics\csc8503\csc8503common\debug\csc8503common.tlog\lib-link.read.1.tlog
h:\desktop\physics\csc8503\csc8503common\debug\csc8503common.tlog\lib-link.write.1.tlog
h:\desktop\physics\csc8503\csc8503common\debug\csc8503common.tlog\lib.command.1.tlog
